<?xml version="1.0" encoding="UTF-8"?>
<Site BuildName="Win32-ninja"
	BuildStamp="20250718-1328-Experimental"
	Name="zsh"
	Generator="ctest-3.31.5"
	CompilerName="D:/SoftWare/msys64/ucrt64/bin/c++.exe"
	CompilerVersion="14.2.0"
	OSName="Windows"
	Hostname="zsh"
	OSRelease=" Personal"
	OSVersion=" (Build 26100)"
	OSPlatform="AMD64"
	Is64Bits="1"
	VendorString=""
	VendorID="Unknown Manufacturer"
	FamilyID="0"
	ModelID="0"
	ModelName=""
	ProcessorCacheSize="0"
	NumberOfLogicalCPU="12"
	NumberOfPhysicalCPU="6"
	TotalVirtualMemory="27458"
	TotalPhysicalMemory="16194"
	LogicalProcessorsPerPhysical="2"
	ProcessorClockFrequency="2592"
	>
	<Testing>
		<StartDateTime>Jul 18 21:33 中国标准时间</StartDateTime>
		<StartTestTime>1752845600</StartTestTime>
		<TestList/>
		<EndDateTime>Jul 18 21:33 中国标准时间</EndDateTime>
		<EndTestTime>1752845600</EndTestTime>
		<ElapsedMinutes>0</ElapsedMinutes>
	</Testing>
</Site>
